2023-04-12 13:36:19 info cfgInit.doInit:cfgInit.java:780 booting
2023-04-12 13:36:19 info cfgInit.doInit:cfgInit.java:963 initializing hardware
2023-04-12 13:36:19 info cfgInit.doInit:cfgInit.java:969 applying defaults
2023-04-12 13:36:20 info cfgInit.doInit:cfgInit.java:990 applying configuration
2023-04-12 15:36:21 info cfgInit.executeSWcommands:cfgInit.java:768 line 59: "do write" : % saving configuration  % success  
2023-04-12 15:36:21 info cfgInit.executeSWcommands:cfgInit.java:768 line 68: "do write" : % saving configuration  % success  
2023-04-12 15:36:21 error cfgInit.doInit:cfgInit.java:998 2 errors found
2023-04-12 15:36:21 info cfgInit.doInit:cfgInit.java:1026 boot completed
2023-04-12 15:36:22 info cfgPrcss.doRound:cfgPrcss.java:509 restarting process ifc1.sh
2023-04-12 15:36:22 info cfgPrcss.doRound:cfgPrcss.java:509 restarting process ifc2.sh
2023-04-12 15:36:22 info cfgPrcss.doRound:cfgPrcss.java:509 restarting process ifc255.sh
2023-04-12 15:43:04 info userLineHandler.doExec:userLine.java:798 rare logged in from telnet ethernet255 23 -> 2001:172:20:20::1 59730
2023-04-12 15:43:06 info userReader.cmdEnter:userReader.java:1141 command node1-4#configure terminal  from telnet ethernet255 23 -> 2001:172:20:20::1 59730
2023-04-12 15:43:06 warning userLineHandler.doExec:userLine.java:890 rare configuring from telnet ethernet255 23 -> 2001:172:20:20::1 59730
2023-04-12 15:43:22 info userReader.cmdEnter:userReader.java:1141 command node1-4(cfg)#scheduler errors  from telnet ethernet255 23 -> 2001:172:20:20::1 59730
2023-04-12 15:43:22 info userReader.cmdEnter:userReader.java:1141 command node1-4(cfg-sched)#time 600000  from telnet ethernet255 23 -> 2001:172:20:20::1 59730
2023-04-12 15:43:22 info userReader.cmdEnter:userReader.java:1141 command node1-4(cfg-sched)#delay 30000  from telnet ethernet255 23 -> 2001:172:20:20::1 59730
2023-04-12 15:43:22 info userReader.cmdEnter:userReader.java:1141 command node1-4(cfg-sched)#command clear errors gp4l-err@lists.geant.org  from telnet ethernet255 23 -> 2001:172:20:20::1 59730
2023-04-12 15:43:22 info userReader.cmdEnter:userReader.java:1141 command node1-4(cfg-sched)#start  from telnet ethernet255 23 -> 2001:172:20:20::1 59730
2023-04-12 15:43:22 info userReader.cmdEnter:userReader.java:1141 command node1-4(cfg-sched)#exit  from telnet ethernet255 23 -> 2001:172:20:20::1 59730
2023-04-12 15:43:22 info userReader.cmdEnter:userReader.java:1141 command node1-4(cfg)#vrf definition DC_CORE  from telnet ethernet255 23 -> 2001:172:20:20::1 59730
2023-04-12 15:43:22 info userReader.cmdEnter:userReader.java:1141 command node1-4(cfg-vrf)#exit  from telnet ethernet255 23 -> 2001:172:20:20::1 59730
2023-04-12 15:44:13 info userReader.cmdEnter:userReader.java:1141 command node1-4(cfg)#router rift4 1  from telnet ethernet255 23 -> 2001:172:20:20::1 59730
2023-04-12 15:44:13 info userReader.cmdEnter:userReader.java:1141 command node1-4(cfg-rtr)#vrf DC_CORE  from telnet ethernet255 23 -> 2001:172:20:20::1 59730
2023-04-12 15:44:13 info userReader.cmdEnter:userReader.java:1141 command node1-4(cfg-rtr)#router-id 44  from telnet ethernet255 23 -> 2001:172:20:20::1 59730
2023-04-12 15:44:13 info userReader.cmdEnter:userReader.java:1141 command node1-4(cfg-rtr)#level 1  from telnet ethernet255 23 -> 2001:172:20:20::1 59730
2023-04-12 15:44:13 info userReader.cmdEnter:userReader.java:1141 command node1-4(cfg-rtr)#redistribute connected  from telnet ethernet255 23 -> 2001:172:20:20::1 59730
2023-04-12 15:44:13 info userReader.cmdEnter:userReader.java:1141 command node1-4(cfg-rtr)#exit  from telnet ethernet255 23 -> 2001:172:20:20::1 59730
2023-04-12 15:44:13 info userReader.cmdEnter:userReader.java:1141 command node1-4(cfg)#router rift6 1  from telnet ethernet255 23 -> 2001:172:20:20::1 59730
2023-04-12 15:44:13 info userReader.cmdEnter:userReader.java:1141 command node1-4(cfg-rtr)#vrf DC_CORE  from telnet ethernet255 23 -> 2001:172:20:20::1 59730
2023-04-12 15:44:13 info userReader.cmdEnter:userReader.java:1141 command node1-4(cfg-rtr)#router-id 64  from telnet ethernet255 23 -> 2001:172:20:20::1 59730
2023-04-12 15:44:13 info userReader.cmdEnter:userReader.java:1141 command node1-4(cfg-rtr)#level 1  from telnet ethernet255 23 -> 2001:172:20:20::1 59730
2023-04-12 15:44:13 info userReader.cmdEnter:userReader.java:1141 command node1-4(cfg-rtr)#redistribute connected  from telnet ethernet255 23 -> 2001:172:20:20::1 59730
2023-04-12 15:44:13 info userReader.cmdEnter:userReader.java:1141 command node1-4(cfg-rtr)#exit  from telnet ethernet255 23 -> 2001:172:20:20::1 59730
2023-04-12 15:44:13 info userReader.cmdEnter:userReader.java:1141 command node1-4(cfg)#interface loopback0  from telnet ethernet255 23 -> 2001:172:20:20::1 59730
2023-04-12 15:44:13 info userReader.cmdEnter:userReader.java:1141 command node1-4(cfg-if)#vrf forwarding DC_CORE  from telnet ethernet255 23 -> 2001:172:20:20::1 59730
2023-04-12 15:44:13 info userReader.cmdEnter:userReader.java:1141 command node1-4(cfg-if)#ipv4 address 1.1.1.14 255.255.255.255  from telnet ethernet255 23 -> 2001:172:20:20::1 59730
2023-04-12 15:44:13 info userReader.cmdEnter:userReader.java:1141 command node1-4(cfg-if)#ipv6 address fd00::1:1:1:14 ffff:ffff:ffff:ffff:ffff:ffff:ffff:ffff  from telnet ethernet255 23 -> 2001:172:20:20::1 59730
2023-04-12 15:44:13 info userReader.cmdEnter:userReader.java:1141 command node1-4(cfg-if)#no shutdown  from telnet ethernet255 23 -> 2001:172:20:20::1 59730
2023-04-12 15:44:13 info userReader.cmdEnter:userReader.java:1141 command node1-4(cfg-if)#no log-link-change  from telnet ethernet255 23 -> 2001:172:20:20::1 59730
2023-04-12 15:44:13 info userReader.cmdEnter:userReader.java:1141 command node1-4(cfg-if)#exit  from telnet ethernet255 23 -> 2001:172:20:20::1 59730
2023-04-12 15:44:30 info userReader.cmdEnter:userReader.java:1141 command node1-4(cfg)#interface ethernet1  from telnet ethernet255 23 -> 2001:172:20:20::1 59730
2023-04-12 15:44:30 info userReader.cmdEnter:userReader.java:1141 command node1-4(cfg-if)#lldp enable  from telnet ethernet255 23 -> 2001:172:20:20::1 59730
2023-04-12 15:44:30 info userReader.cmdEnter:userReader.java:1141 command node1-4(cfg-if)#vrf forwarding DC_CORE  from telnet ethernet255 23 -> 2001:172:20:20::1 59730
2023-04-12 15:44:30 info userReader.cmdEnter:userReader.java:1141 command node1-4(cfg-if)#ipv4 address 10.14.21.14 255.255.255.0  from telnet ethernet255 23 -> 2001:172:20:20::1 59730
2023-04-12 15:44:30 info userReader.cmdEnter:userReader.java:1141 command node1-4(cfg-if)#ipv6 address fd00::a:e:15:e ffff:ffff:ffff:ffff:ffff:ffff:ffff:ff00  from telnet ethernet255 23 -> 2001:172:20:20::1 59730
2023-04-12 15:44:30 info userReader.cmdEnter:userReader.java:1141 command node1-4(cfg-if)#router rift4 1 enable  from telnet ethernet255 23 -> 2001:172:20:20::1 59730
2023-04-12 15:44:30 info userReader.cmdEnter:userReader.java:1141 command node1-4(cfg-if)#router rift6 1 enable  from telnet ethernet255 23 -> 2001:172:20:20::1 59730
2023-04-12 15:44:30 info userReader.cmdEnter:userReader.java:1141 command node1-4(cfg-if)#no shutdown  from telnet ethernet255 23 -> 2001:172:20:20::1 59730
2023-04-12 15:44:30 info userReader.cmdEnter:userReader.java:1141 command node1-4(cfg-if)#no log-link-change  from telnet ethernet255 23 -> 2001:172:20:20::1 59730
2023-04-12 15:44:30 info userReader.cmdEnter:userReader.java:1141 command node1-4(cfg-if)#exit  from telnet ethernet255 23 -> 2001:172:20:20::1 59730
2023-04-12 15:44:30 info userReader.cmdEnter:userReader.java:1141 command node1-4(cfg)#interface ethernet2  from telnet ethernet255 23 -> 2001:172:20:20::1 59730
2023-04-12 15:44:30 info userReader.cmdEnter:userReader.java:1141 command node1-4(cfg-if)#lldp enable  from telnet ethernet255 23 -> 2001:172:20:20::1 59730
2023-04-12 15:44:30 info userReader.cmdEnter:userReader.java:1141 command node1-4(cfg-if)#vrf forwarding DC_CORE  from telnet ethernet255 23 -> 2001:172:20:20::1 59730
2023-04-12 15:44:30 info userReader.cmdEnter:userReader.java:1141 command node1-4(cfg-if)#ipv4 address 10.14.22.14 255.255.255.0  from telnet ethernet255 23 -> 2001:172:20:20::1 59730
2023-04-12 15:44:30 info userReader.cmdEnter:userReader.java:1141 command node1-4(cfg-if)#ipv6 address fd00::a:e:16:e ffff:ffff:ffff:ffff:ffff:ffff:ffff:ff00  from telnet ethernet255 23 -> 2001:172:20:20::1 59730
2023-04-12 15:44:30 info userReader.cmdEnter:userReader.java:1141 command node1-4(cfg-if)#router rift4 1 enable  from telnet ethernet255 23 -> 2001:172:20:20::1 59730
2023-04-12 15:44:30 info userReader.cmdEnter:userReader.java:1141 command node1-4(cfg-if)#router rift6 1 enable  from telnet ethernet255 23 -> 2001:172:20:20::1 59730
2023-04-12 15:44:30 info userReader.cmdEnter:userReader.java:1141 command node1-4(cfg-if)#no shutdown  from telnet ethernet255 23 -> 2001:172:20:20::1 59730
2023-04-12 15:44:30 info userReader.cmdEnter:userReader.java:1141 command node1-4(cfg-if)#no log-link-change  from telnet ethernet255 23 -> 2001:172:20:20::1 59730
2023-04-12 15:44:30 info userReader.cmdEnter:userReader.java:1141 command node1-4(cfg-if)#exit  from telnet ethernet255 23 -> 2001:172:20:20::1 59730
2023-04-12 15:44:37 info userReader.cmdEnter:userReader.java:1141 command node1-4(cfg)#end  from telnet ethernet255 23 -> 2001:172:20:20::1 59730
2023-04-12 15:44:37 warning userLineHandler.doExec:userLine.java:922 rare configured from telnet ethernet255 23 -> 2001:172:20:20::1 59730
2023-04-12 15:44:38 info userReader.cmdEnter:userReader.java:1141 command node1-4#write  from telnet ethernet255 23 -> 2001:172:20:20::1 59730
2023-04-12 15:44:39 info userReader.cmdEnter:userReader.java:1141 command node1-4#exit  from telnet ethernet255 23 -> 2001:172:20:20::1 59730
2023-04-12 15:44:39 info userLineHandler.doExec:userLine.java:880 rare logged out from telnet ethernet255 23 -> 2001:172:20:20::1 59730
2023-04-12 15:44:40 info prtTcp.connectionRcvd:prtTcp.java:907 got future acknowledge number telnet ethernet255 23 -> 2001:172:20:20::1 59730
2023-04-12 15:48:00 warning rtrRiftIface.datagramRecv:rtrRiftIface.java:854 neighbor node2-2:ethernet4 (fd00::a:e:16:16) up
2023-04-12 15:48:00 warning rtrRiftIface.datagramRecv:rtrRiftIface.java:854 neighbor node2-2:ethernet4 (10.14.22.22) up
2023-04-12 15:52:44 info userLineHandler.doExec:userLine.java:798 rare logged in from telnet ethernet255 23 -> 2001:172:20:20::1 42808
2023-04-12 15:52:46 info userReader.cmdEnter:userReader.java:1141 command node1-4#show running-config net  from telnet ethernet255 23 -> 2001:172:20:20::1 42808
2023-04-12 15:53:20 info userReader.cmdEnter:userReader.java:1141 command node1-4#exit  from telnet ethernet255 23 -> 2001:172:20:20::1 42808
2023-04-12 15:53:20 info userLineHandler.doExec:userLine.java:880 rare logged out from telnet ethernet255 23 -> 2001:172:20:20::1 42808
2023-04-12 15:53:21 info prtTcp.connectionRcvd:prtTcp.java:907 got future acknowledge number telnet ethernet255 23 -> 2001:172:20:20::1 42808
2023-04-12 16:03:00 info userLineHandler.doExec:userLine.java:798 rare logged in from telnet ethernet255 23 -> 2001:172:20:20::1 50766
2023-04-12 16:03:05 info userReader.cmdEnter:userReader.java:1141 command node1-4#show running-config net  from telnet ethernet255 23 -> 2001:172:20:20::1 50766
2023-04-12 16:03:10 info userReader.cmdEnter:userReader.java:1141 command node1-4#write  from telnet ethernet255 23 -> 2001:172:20:20::1 50766
2023-04-12 16:03:12 info userReader.cmdEnter:userReader.java:1141 command node1-4#exit  from telnet ethernet255 23 -> 2001:172:20:20::1 50766
2023-04-12 16:03:12 info userLineHandler.doExec:userLine.java:880 rare logged out from telnet ethernet255 23 -> 2001:172:20:20::1 50766
2023-04-12 16:03:13 info prtTcp.connectionRcvd:prtTcp.java:907 got future acknowledge number telnet ethernet255 23 -> 2001:172:20:20::1 50766
2023-04-12 16:07:35 warning rtrRiftIface.datagramRecv:rtrRiftIface.java:854 neighbor node2-1:ethernet4 (fd00::a:e:15:15) up
2023-04-12 16:07:35 warning rtrRiftIface.datagramRecv:rtrRiftIface.java:854 neighbor node2-1:ethernet4 (10.14.21.21) up
2023-04-12 16:23:02 info userLineHandler.doExec:userLine.java:798 rare logged in from telnet ethernet255 23 -> 2001:172:20:20::1 36322
2023-04-12 16:23:03 info userReader.cmdEnter:userReader.java:1141 command node1-4#write  from telnet ethernet255 23 -> 2001:172:20:20::1 36322
2023-04-12 16:23:05 info userReader.cmdEnter:userReader.java:1141 command node1-4#exit  from telnet ethernet255 23 -> 2001:172:20:20::1 36322
2023-04-12 16:23:05 info userLineHandler.doExec:userLine.java:880 rare logged out from telnet ethernet255 23 -> 2001:172:20:20::1 36322
2023-04-12 16:23:06 info prtTcp.connectionRcvd:prtTcp.java:907 got future acknowledge number telnet ethernet255 23 -> 2001:172:20:20::1 36322
2023-04-12 16:23:52 info userLineHandler.doExec:userLine.java:798 rare logged in from telnet ethernet255 23 -> 2001:172:20:20::1 32888
2023-04-12 16:23:57 info userReader.cmdEnter:userReader.java:1141 command node1-4#show ipv4 route DC_CORE  from telnet ethernet255 23 -> 2001:172:20:20::1 32888
2023-04-12 16:24:14 info userReader.cmdEnter:userReader.java:1141 command node1-4#exit  from telnet ethernet255 23 -> 2001:172:20:20::1 32888
2023-04-12 16:24:14 info userLineHandler.doExec:userLine.java:880 rare logged out from telnet ethernet255 23 -> 2001:172:20:20::1 32888
2023-04-12 16:24:15 info prtTcp.connectionRcvd:prtTcp.java:907 got future acknowledge number telnet ethernet255 23 -> 2001:172:20:20::1 32888
2023-04-14 07:33:55 info cfgInit.doInit:cfgInit.java:780 booting
2023-04-14 07:33:56 info cfgInit.doInit:cfgInit.java:963 initializing hardware
2023-04-14 07:33:56 info cfgInit.doInit:cfgInit.java:969 applying defaults
2023-04-14 07:33:56 info cfgInit.doInit:cfgInit.java:990 applying configuration
2023-04-14 09:33:57 info cfgInit.executeSWcommands:cfgInit.java:768 line 150: "do write" : % saving configuration  % success  
2023-04-14 09:33:57 error cfgInit.doInit:cfgInit.java:998 1 errors found
2023-04-14 09:33:57 info cfgInit.doInit:cfgInit.java:1026 boot completed
2023-04-14 09:33:59 info cfgPrcss.doRound:cfgPrcss.java:509 restarting process ifc1.sh
2023-04-14 09:33:59 info cfgPrcss.doRound:cfgPrcss.java:509 restarting process ifc2.sh
2023-04-14 09:33:59 info cfgPrcss.doRound:cfgPrcss.java:509 restarting process ifc255.sh
2023-04-14 09:34:01 warning rtrRiftIface.datagramRecv:rtrRiftIface.java:854 neighbor node2-1:ethernet4 (10.14.21.21) up
2023-04-14 09:34:01 warning rtrRiftIface.datagramRecv:rtrRiftIface.java:854 neighbor node2-1:ethernet4 (fd00::a:e:15:15) up
2023-04-14 09:34:01 warning rtrRiftIface.datagramRecv:rtrRiftIface.java:854 neighbor node2-2:ethernet4 (10.14.22.22) up
2023-04-14 09:34:01 warning rtrRiftIface.datagramRecv:rtrRiftIface.java:854 neighbor node2-2:ethernet4 (fd00::a:e:16:16) up
2023-04-14 09:34:02 error rtrRiftIface.run:rtrRiftIface.java:1018 neighbor node2-1:ethernet4 (10.14.21.21) down
2023-04-14 09:34:02 error rtrRiftIface.run:rtrRiftIface.java:1018 neighbor node2-1:ethernet4 (fd00::a:e:15:15) down
2023-04-14 09:34:02 error rtrRiftIface.run:rtrRiftIface.java:1018 neighbor node2-2:ethernet4 (10.14.22.22) down
2023-04-14 09:34:02 error rtrRiftIface.run:rtrRiftIface.java:1018 neighbor node2-2:ethernet4 (fd00::a:e:16:16) down
2023-04-14 09:34:02 warning rtrRiftIface.datagramRecv:rtrRiftIface.java:854 neighbor node2-1:ethernet4 (10.14.21.21) up
2023-04-14 09:34:02 warning rtrRiftIface.datagramRecv:rtrRiftIface.java:854 neighbor node2-1:ethernet4 (fd00::a:e:15:15) up
2023-04-14 09:34:02 warning rtrRiftIface.datagramRecv:rtrRiftIface.java:854 neighbor node2-2:ethernet4 (10.14.22.22) up
2023-04-14 09:34:02 warning rtrRiftIface.datagramRecv:rtrRiftIface.java:854 neighbor node2-2:ethernet4 (fd00::a:e:16:16) up
2023-04-14 17:21:15 info cfgInit.doInit:cfgInit.java:780 booting
2023-04-14 17:21:16 info cfgInit.doInit:cfgInit.java:963 initializing hardware
2023-04-14 17:21:16 info cfgInit.doInit:cfgInit.java:969 applying defaults
2023-04-14 17:21:16 info cfgInit.doInit:cfgInit.java:990 applying configuration
2023-04-14 19:21:17 info cfgInit.executeSWcommands:cfgInit.java:768 line 150: "do write" : % saving configuration  % success  
2023-04-14 19:21:17 error cfgInit.doInit:cfgInit.java:998 1 errors found
2023-04-14 19:21:17 info cfgInit.doInit:cfgInit.java:1026 boot completed
2023-04-14 19:21:19 info cfgPrcss.doRound:cfgPrcss.java:509 restarting process ifc1.sh
2023-04-14 19:21:19 info cfgPrcss.doRound:cfgPrcss.java:509 restarting process ifc2.sh
2023-04-14 19:21:19 info cfgPrcss.doRound:cfgPrcss.java:509 restarting process ifc255.sh
2023-04-14 19:21:20 warning rtrRiftIface.datagramRecv:rtrRiftIface.java:854 neighbor node2-1:ethernet4 (10.14.21.21) up
2023-04-14 19:21:20 warning rtrRiftIface.datagramRecv:rtrRiftIface.java:854 neighbor node2-1:ethernet4 (fd00::a:e:15:15) up
2023-04-14 19:21:20 warning rtrRiftIface.datagramRecv:rtrRiftIface.java:854 neighbor node2-2:ethernet4 (10.14.22.22) up
2023-04-14 19:21:20 warning rtrRiftIface.datagramRecv:rtrRiftIface.java:854 neighbor node2-2:ethernet4 (fd00::a:e:16:16) up
2023-04-14 19:21:21 error rtrRiftIface.run:rtrRiftIface.java:1018 neighbor node2-1:ethernet4 (10.14.21.21) down
2023-04-14 19:21:21 error rtrRiftIface.run:rtrRiftIface.java:1018 neighbor node2-1:ethernet4 (fd00::a:e:15:15) down
2023-04-14 19:21:21 error rtrRiftIface.run:rtrRiftIface.java:1018 neighbor node2-2:ethernet4 (10.14.22.22) down
2023-04-14 19:21:21 error rtrRiftIface.run:rtrRiftIface.java:1018 neighbor node2-2:ethernet4 (fd00::a:e:16:16) down
2023-04-14 19:21:21 warning rtrRiftIface.datagramRecv:rtrRiftIface.java:854 neighbor node2-1:ethernet4 (10.14.21.21) up
2023-04-14 19:21:21 warning rtrRiftIface.datagramRecv:rtrRiftIface.java:854 neighbor node2-1:ethernet4 (fd00::a:e:15:15) up
2023-04-14 19:21:21 warning rtrRiftIface.datagramRecv:rtrRiftIface.java:854 neighbor node2-2:ethernet4 (10.14.22.22) up
2023-04-14 19:21:21 warning rtrRiftIface.datagramRecv:rtrRiftIface.java:854 neighbor node2-2:ethernet4 (fd00::a:e:16:16) up
