2023-04-14 16:50:40 info cfgInit.doInit:cfgInit.java:780 booting
2023-04-14 16:50:40 info cfgInit.doInit:cfgInit.java:963 initializing hardware
2023-04-14 16:50:40 info cfgInit.doInit:cfgInit.java:969 applying defaults
2023-04-14 16:50:41 info cfgInit.doInit:cfgInit.java:990 applying configuration
2023-04-14 18:50:41 info cfgInit.executeSWcommands:cfgInit.java:768 line 59: "do write" : % saving configuration  % success  
2023-04-14 18:50:41 info cfgInit.executeSWcommands:cfgInit.java:768 line 68: "do write" : % saving configuration  % success  
2023-04-14 18:50:41 error cfgInit.doInit:cfgInit.java:998 2 errors found
2023-04-14 18:50:41 info cfgInit.doInit:cfgInit.java:1026 boot completed
2023-04-14 18:50:43 info cfgPrcss.doRound:cfgPrcss.java:509 restarting process ifc1.sh
2023-04-14 18:50:43 info cfgPrcss.doRound:cfgPrcss.java:509 restarting process ifc255.sh
2023-04-14 18:52:07 info userLineHandler.doExec:userLine.java:798 rare logged in from telnet ethernet255 23 -> 2001:172:20:20::1 39996
2023-04-14 18:52:11 info userReader.cmdEnter:userReader.java:1141 command rtr1#show running-config  from telnet ethernet255 23 -> 2001:172:20:20::1 39996
2023-04-14 18:52:16 info userReader.cmdEnter:userReader.java:1141 command rtr1#configure terminal  from telnet ethernet255 23 -> 2001:172:20:20::1 39996
2023-04-14 18:52:16 warning userLineHandler.doExec:userLine.java:890 rare configuring from telnet ethernet255 23 -> 2001:172:20:20::1 39996
2023-04-14 18:52:18 info userReader.cmdEnter:userReader.java:1141 command rtr1(cfg)#interface eth1  from telnet ethernet255 23 -> 2001:172:20:20::1 39996
2023-04-14 18:52:22 info userReader.cmdEnter:userReader.java:1141 command rtr1(cfg-if)#lldp enable  from telnet ethernet255 23 -> 2001:172:20:20::1 39996
2023-04-14 18:52:23 info userReader.cmdEnter:userReader.java:1141 command rtr1(cfg-if)#end  from telnet ethernet255 23 -> 2001:172:20:20::1 39996
2023-04-14 18:52:23 warning userLineHandler.doExec:userLine.java:922 rare configured from telnet ethernet255 23 -> 2001:172:20:20::1 39996
2023-04-14 18:52:23 info userReader.cmdEnter:userReader.java:1141 command rtr1#write  from telnet ethernet255 23 -> 2001:172:20:20::1 39996
2023-04-14 18:52:29 info userReader.cmdEnter:userReader.java:1141 command rtr1#show lldp neighbor  from telnet ethernet255 23 -> 2001:172:20:20::1 39996
2023-04-14 18:52:30 info userReader.cmdEnter:userReader.java:1141 command rtr1#show lldp neighbor  from telnet ethernet255 23 -> 2001:172:20:20::1 39996
2023-04-14 18:52:31 info userReader.cmdEnter:userReader.java:1141 command rtr1#show lldp neighbor  from telnet ethernet255 23 -> 2001:172:20:20::1 39996
2023-04-14 18:52:32 info userReader.cmdEnter:userReader.java:1141 command rtr1#show lldp neighbor  from telnet ethernet255 23 -> 2001:172:20:20::1 39996
2023-04-14 18:52:34 info userReader.cmdEnter:userReader.java:1141 command rtr1#write  from telnet ethernet255 23 -> 2001:172:20:20::1 39996
2023-04-14 18:52:35 info userReader.cmdEnter:userReader.java:1141 command rtr1#exit  from telnet ethernet255 23 -> 2001:172:20:20::1 39996
2023-04-14 18:52:35 info userLineHandler.doExec:userLine.java:880 rare logged out from telnet ethernet255 23 -> 2001:172:20:20::1 39996
2023-04-14 18:52:36 info prtTcp.connectionRcvd:prtTcp.java:907 got future acknowledge number telnet ethernet255 23 -> 2001:172:20:20::1 39996
