2023-04-12 13:36:21 info cfgInit.doInit:cfgInit.java:780 booting
2023-04-12 13:36:21 info cfgInit.doInit:cfgInit.java:963 initializing hardware
2023-04-12 13:36:21 info cfgInit.doInit:cfgInit.java:969 applying defaults
2023-04-12 13:36:22 info cfgInit.doInit:cfgInit.java:990 applying configuration
2023-04-12 15:36:23 info cfgInit.executeSWcommands:cfgInit.java:768 line 59: "do write" : % saving configuration  % success  
2023-04-12 15:36:23 info cfgInit.executeSWcommands:cfgInit.java:768 line 68: "do write" : % saving configuration  % success  
2023-04-12 15:36:23 error cfgInit.doInit:cfgInit.java:998 2 errors found
2023-04-12 15:36:23 info cfgInit.doInit:cfgInit.java:1026 boot completed
2023-04-12 15:36:24 info cfgPrcss.doRound:cfgPrcss.java:509 restarting process ifc1.sh
2023-04-12 15:36:24 info cfgPrcss.doRound:cfgPrcss.java:509 restarting process ifc3.sh
2023-04-12 15:36:24 info cfgPrcss.doRound:cfgPrcss.java:509 restarting process ifc4.sh
2023-04-12 15:36:24 info cfgPrcss.doRound:cfgPrcss.java:509 restarting process ifc2.sh
2023-04-12 15:36:24 info cfgPrcss.doRound:cfgPrcss.java:509 restarting process ifc5.sh
2023-04-12 15:36:24 info cfgPrcss.doRound:cfgPrcss.java:509 restarting process ifc255.sh
2023-04-12 15:46:43 info userLineHandler.doExec:userLine.java:798 rare logged in from telnet ethernet255 23 -> 2001:172:20:20::1 38668
2023-04-12 15:47:10 info userReader.cmdEnter:userReader.java:1141 command node2-2#configure terminal  from telnet ethernet255 23 -> 2001:172:20:20::1 38668
2023-04-12 15:47:10 warning userLineHandler.doExec:userLine.java:890 rare configuring from telnet ethernet255 23 -> 2001:172:20:20::1 38668
2023-04-12 15:47:13 info userReader.cmdEnter:userReader.java:1141 command node2-2(cfg)#scheduler errors  from telnet ethernet255 23 -> 2001:172:20:20::1 38668
2023-04-12 15:47:13 info userReader.cmdEnter:userReader.java:1141 command node2-2(cfg-sched)#time 600000  from telnet ethernet255 23 -> 2001:172:20:20::1 38668
2023-04-12 15:47:13 info userReader.cmdEnter:userReader.java:1141 command node2-2(cfg-sched)#delay 30000  from telnet ethernet255 23 -> 2001:172:20:20::1 38668
2023-04-12 15:47:13 info userReader.cmdEnter:userReader.java:1141 command node2-2(cfg-sched)#command clear errors gp4l-err@lists.geant.org  from telnet ethernet255 23 -> 2001:172:20:20::1 38668
2023-04-12 15:47:13 info userReader.cmdEnter:userReader.java:1141 command node2-2(cfg-sched)#start  from telnet ethernet255 23 -> 2001:172:20:20::1 38668
2023-04-12 15:47:13 info userReader.cmdEnter:userReader.java:1141 command node2-2(cfg-sched)#exit  from telnet ethernet255 23 -> 2001:172:20:20::1 38668
2023-04-12 15:47:13 info userReader.cmdEnter:userReader.java:1141 command node2-2(cfg)#vrf definition DC_CORE  from telnet ethernet255 23 -> 2001:172:20:20::1 38668
2023-04-12 15:47:13 info userReader.cmdEnter:userReader.java:1141 command node2-2(cfg-vrf)#exit  from telnet ethernet255 23 -> 2001:172:20:20::1 38668
2023-04-12 15:47:46 info userReader.cmdEnter:userReader.java:1141 command node2-2(cfg)#router rift4 1  from telnet ethernet255 23 -> 2001:172:20:20::1 38668
2023-04-12 15:47:46 info userReader.cmdEnter:userReader.java:1141 command node2-2(cfg-rtr)#vrf DC_CORE  from telnet ethernet255 23 -> 2001:172:20:20::1 38668
2023-04-12 15:47:46 info userReader.cmdEnter:userReader.java:1141 command node2-2(cfg-rtr)#router-id 46  from telnet ethernet255 23 -> 2001:172:20:20::1 38668
2023-04-12 15:47:46 info userReader.cmdEnter:userReader.java:1141 command node2-2(cfg-rtr)#level 2  from telnet ethernet255 23 -> 2001:172:20:20::1 38668
2023-04-12 15:47:46 info userReader.cmdEnter:userReader.java:1141 command node2-2(cfg-rtr)#redistribute connected  from telnet ethernet255 23 -> 2001:172:20:20::1 38668
2023-04-12 15:47:46 info userReader.cmdEnter:userReader.java:1141 command node2-2(cfg-rtr)#exit  from telnet ethernet255 23 -> 2001:172:20:20::1 38668
2023-04-12 15:47:46 info userReader.cmdEnter:userReader.java:1141 command node2-2(cfg)#router rift6 1  from telnet ethernet255 23 -> 2001:172:20:20::1 38668
2023-04-12 15:47:46 info userReader.cmdEnter:userReader.java:1141 command node2-2(cfg-rtr)#vrf DC_CORE  from telnet ethernet255 23 -> 2001:172:20:20::1 38668
2023-04-12 15:47:46 info userReader.cmdEnter:userReader.java:1141 command node2-2(cfg-rtr)#router-id 66  from telnet ethernet255 23 -> 2001:172:20:20::1 38668
2023-04-12 15:47:46 info userReader.cmdEnter:userReader.java:1141 command node2-2(cfg-rtr)#level 2  from telnet ethernet255 23 -> 2001:172:20:20::1 38668
2023-04-12 15:47:46 info userReader.cmdEnter:userReader.java:1141 command node2-2(cfg-rtr)#redistribute connected  from telnet ethernet255 23 -> 2001:172:20:20::1 38668
2023-04-12 15:47:46 info userReader.cmdEnter:userReader.java:1141 command node2-2(cfg-rtr)#exit  from telnet ethernet255 23 -> 2001:172:20:20::1 38668
2023-04-12 15:47:46 info userReader.cmdEnter:userReader.java:1141 command node2-2(cfg)#interface loopback0  from telnet ethernet255 23 -> 2001:172:20:20::1 38668
2023-04-12 15:47:46 info userReader.cmdEnter:userReader.java:1141 command node2-2(cfg-if)#vrf forwarding DC_CORE  from telnet ethernet255 23 -> 2001:172:20:20::1 38668
2023-04-12 15:47:46 info userReader.cmdEnter:userReader.java:1141 command node2-2(cfg-if)#ipv4 address 2.2.2.22 255.255.255.255  from telnet ethernet255 23 -> 2001:172:20:20::1 38668
2023-04-12 15:47:46 info userReader.cmdEnter:userReader.java:1141 command node2-2(cfg-if)#ipv6 address fd00::2:2:2:22 ffff:ffff:ffff:ffff:ffff:ffff:ffff:ffff  from telnet ethernet255 23 -> 2001:172:20:20::1 38668
2023-04-12 15:47:46 info userReader.cmdEnter:userReader.java:1141 command node2-2(cfg-if)#no shutdown  from telnet ethernet255 23 -> 2001:172:20:20::1 38668
2023-04-12 15:47:46 info userReader.cmdEnter:userReader.java:1141 command node2-2(cfg-if)#no log-link-change  from telnet ethernet255 23 -> 2001:172:20:20::1 38668
2023-04-12 15:47:46 info userReader.cmdEnter:userReader.java:1141 command node2-2(cfg-if)#exit  from telnet ethernet255 23 -> 2001:172:20:20::1 38668
2023-04-12 15:47:46 info userReader.cmdEnter:userReader.java:1141 command node2-2(cfg)#interface ethernet1  from telnet ethernet255 23 -> 2001:172:20:20::1 38668
2023-04-12 15:47:46 info userReader.cmdEnter:userReader.java:1141 command node2-2(cfg-if)#lldp enable  from telnet ethernet255 23 -> 2001:172:20:20::1 38668
2023-04-12 15:47:46 info userReader.cmdEnter:userReader.java:1141 command node2-2(cfg-if)#vrf forwarding DC_CORE  from telnet ethernet255 23 -> 2001:172:20:20::1 38668
2023-04-12 15:47:47 info userReader.cmdEnter:userReader.java:1141 command node2-2(cfg-if)#ipv4 address 10.11.22.22 255.255.255.0  from telnet ethernet255 23 -> 2001:172:20:20::1 38668
2023-04-12 15:47:47 info userReader.cmdEnter:userReader.java:1141 command node2-2(cfg-if)#ipv6 address fd00::a:b:16:16 ffff:ffff:ffff:ffff:ffff:ffff:ffff:ff00  from telnet ethernet255 23 -> 2001:172:20:20::1 38668
2023-04-12 15:47:47 info userReader.cmdEnter:userReader.java:1141 command node2-2(cfg-if)#router rift4 1 enable  from telnet ethernet255 23 -> 2001:172:20:20::1 38668
2023-04-12 15:47:47 info userReader.cmdEnter:userReader.java:1141 command node2-2(cfg-if)#router rift6 1 enable  from telnet ethernet255 23 -> 2001:172:20:20::1 38668
2023-04-12 15:47:47 info userReader.cmdEnter:userReader.java:1141 command node2-2(cfg-if)#no shutdown  from telnet ethernet255 23 -> 2001:172:20:20::1 38668
2023-04-12 15:47:47 info userReader.cmdEnter:userReader.java:1141 command node2-2(cfg-if)#no log-link-change  from telnet ethernet255 23 -> 2001:172:20:20::1 38668
2023-04-12 15:47:47 info userReader.cmdEnter:userReader.java:1141 command node2-2(cfg-if)#exit  from telnet ethernet255 23 -> 2001:172:20:20::1 38668
2023-04-12 15:47:47 info userReader.cmdEnter:userReader.java:1141 command node2-2(cfg)#interface ethernet2  from telnet ethernet255 23 -> 2001:172:20:20::1 38668
2023-04-12 15:47:47 info userReader.cmdEnter:userReader.java:1141 command node2-2(cfg-if)#lldp enable  from telnet ethernet255 23 -> 2001:172:20:20::1 38668
2023-04-12 15:47:47 info userReader.cmdEnter:userReader.java:1141 command node2-2(cfg-if)#vrf forwarding DC_CORE  from telnet ethernet255 23 -> 2001:172:20:20::1 38668
2023-04-12 15:47:47 info userReader.cmdEnter:userReader.java:1141 command node2-2(cfg-if)#ipv4 address 10.12.22.22 255.255.255.0  from telnet ethernet255 23 -> 2001:172:20:20::1 38668
2023-04-12 15:47:47 info userReader.cmdEnter:userReader.java:1141 command node2-2(cfg-if)#ipv6 address fd00::a:c:16:16 ffff:ffff:ffff:ffff:ffff:ffff:ffff:ff00  from telnet ethernet255 23 -> 2001:172:20:20::1 38668
2023-04-12 15:47:47 info userReader.cmdEnter:userReader.java:1141 command node2-2(cfg-if)#router rift4 1 enable  from telnet ethernet255 23 -> 2001:172:20:20::1 38668
2023-04-12 15:47:47 info userReader.cmdEnter:userReader.java:1141 command node2-2(cfg-if)#router rift6 1 enable  from telnet ethernet255 23 -> 2001:172:20:20::1 38668
2023-04-12 15:47:47 info userReader.cmdEnter:userReader.java:1141 command node2-2(cfg-if)#no shutdown  from telnet ethernet255 23 -> 2001:172:20:20::1 38668
2023-04-12 15:47:47 info userReader.cmdEnter:userReader.java:1141 command node2-2(cfg-if)#no log-link-change  from telnet ethernet255 23 -> 2001:172:20:20::1 38668
2023-04-12 15:47:47 info userReader.cmdEnter:userReader.java:1141 command node2-2(cfg-if)#exit  from telnet ethernet255 23 -> 2001:172:20:20::1 38668
2023-04-12 15:47:59 info userReader.cmdEnter:userReader.java:1141 command node2-2(cfg)#interface ethernet3  from telnet ethernet255 23 -> 2001:172:20:20::1 38668
2023-04-12 15:47:59 info userReader.cmdEnter:userReader.java:1141 command node2-2(cfg-if)#lldp enable  from telnet ethernet255 23 -> 2001:172:20:20::1 38668
2023-04-12 15:47:59 info userReader.cmdEnter:userReader.java:1141 command node2-2(cfg-if)#vrf forwarding DC_CORE  from telnet ethernet255 23 -> 2001:172:20:20::1 38668
2023-04-12 15:47:59 info userReader.cmdEnter:userReader.java:1141 command node2-2(cfg-if)#ipv4 address 10.13.22.22 255.255.255.0  from telnet ethernet255 23 -> 2001:172:20:20::1 38668
2023-04-12 15:47:59 info userReader.cmdEnter:userReader.java:1141 command node2-2(cfg-if)#ipv6 address fd00::a:d:16:16 ffff:ffff:ffff:ffff:ffff:ffff:ffff:ff00  from telnet ethernet255 23 -> 2001:172:20:20::1 38668
2023-04-12 15:47:59 info userReader.cmdEnter:userReader.java:1141 command node2-2(cfg-if)#router rift4 1 enable  from telnet ethernet255 23 -> 2001:172:20:20::1 38668
2023-04-12 15:47:59 info userReader.cmdEnter:userReader.java:1141 command node2-2(cfg-if)#router rift6 1 enable  from telnet ethernet255 23 -> 2001:172:20:20::1 38668
2023-04-12 15:47:59 info userReader.cmdEnter:userReader.java:1141 command node2-2(cfg-if)#no shutdown  from telnet ethernet255 23 -> 2001:172:20:20::1 38668
2023-04-12 15:47:59 info userReader.cmdEnter:userReader.java:1141 command node2-2(cfg-if)#no log-link-change  from telnet ethernet255 23 -> 2001:172:20:20::1 38668
2023-04-12 15:47:59 info userReader.cmdEnter:userReader.java:1141 command node2-2(cfg-if)#exit  from telnet ethernet255 23 -> 2001:172:20:20::1 38668
2023-04-12 15:47:59 info userReader.cmdEnter:userReader.java:1141 command node2-2(cfg)#interface ethernet4  from telnet ethernet255 23 -> 2001:172:20:20::1 38668
2023-04-12 15:47:59 info userReader.cmdEnter:userReader.java:1141 command node2-2(cfg-if)#lldp enable  from telnet ethernet255 23 -> 2001:172:20:20::1 38668
2023-04-12 15:47:59 info userReader.cmdEnter:userReader.java:1141 command node2-2(cfg-if)#vrf forwarding DC_CORE  from telnet ethernet255 23 -> 2001:172:20:20::1 38668
2023-04-12 15:47:59 info userReader.cmdEnter:userReader.java:1141 command node2-2(cfg-if)#ipv4 address 10.14.22.22 255.255.255.0  from telnet ethernet255 23 -> 2001:172:20:20::1 38668
2023-04-12 15:47:59 info userReader.cmdEnter:userReader.java:1141 command node2-2(cfg-if)#ipv6 address fd00::a:e:16:16 ffff:ffff:ffff:ffff:ffff:ffff:ffff:ff00  from telnet ethernet255 23 -> 2001:172:20:20::1 38668
2023-04-12 15:48:00 info userReader.cmdEnter:userReader.java:1141 command node2-2(cfg-if)#router rift4 1 enable  from telnet ethernet255 23 -> 2001:172:20:20::1 38668
2023-04-12 15:48:00 info userReader.cmdEnter:userReader.java:1141 command node2-2(cfg-if)#router rift6 1 enable  from telnet ethernet255 23 -> 2001:172:20:20::1 38668
2023-04-12 15:48:00 info userReader.cmdEnter:userReader.java:1141 command node2-2(cfg-if)#no shutdown  from telnet ethernet255 23 -> 2001:172:20:20::1 38668
2023-04-12 15:48:00 info userReader.cmdEnter:userReader.java:1141 command node2-2(cfg-if)#no log-link-change  from telnet ethernet255 23 -> 2001:172:20:20::1 38668
2023-04-12 15:48:00 info userReader.cmdEnter:userReader.java:1141 command node2-2(cfg-if)#exit  from telnet ethernet255 23 -> 2001:172:20:20::1 38668
2023-04-12 15:48:00 warning rtrRiftIface.datagramRecv:rtrRiftIface.java:854 neighbor node1-4:ethernet2 (fd00::a:e:16:e) up
2023-04-12 15:48:00 warning rtrRiftIface.datagramRecv:rtrRiftIface.java:854 neighbor node1-4:ethernet2 (10.14.22.14) up
2023-04-12 15:48:01 error rtrRiftIface.run:rtrRiftIface.java:1018 neighbor node1-4:ethernet2 (10.14.22.14) down
2023-04-12 15:48:01 error rtrRiftIface.run:rtrRiftIface.java:1018 neighbor node1-4:ethernet2 (fd00::a:e:16:e) down
2023-04-12 15:48:01 warning rtrRiftIface.datagramRecv:rtrRiftIface.java:854 neighbor node1-4:ethernet2 (fd00::a:e:16:e) up
2023-04-12 15:48:01 warning rtrRiftIface.datagramRecv:rtrRiftIface.java:854 neighbor node1-4:ethernet2 (10.14.22.14) up
2023-04-12 15:48:02 info userReader.cmdEnter:userReader.java:1141 command node2-2(cfg)#end  from telnet ethernet255 23 -> 2001:172:20:20::1 38668
2023-04-12 15:48:02 warning userLineHandler.doExec:userLine.java:922 rare configured from telnet ethernet255 23 -> 2001:172:20:20::1 38668
2023-04-12 15:48:03 info userReader.cmdEnter:userReader.java:1141 command node2-2#write  from telnet ethernet255 23 -> 2001:172:20:20::1 38668
2023-04-12 15:48:05 info userReader.cmdEnter:userReader.java:1141 command node2-2#exit  from telnet ethernet255 23 -> 2001:172:20:20::1 38668
2023-04-12 15:48:05 info userLineHandler.doExec:userLine.java:880 rare logged out from telnet ethernet255 23 -> 2001:172:20:20::1 38668
2023-04-12 15:48:06 info prtTcp.connectionRcvd:prtTcp.java:907 got future acknowledge number telnet ethernet255 23 -> 2001:172:20:20::1 38668
2023-04-12 15:59:14 warning rtrRiftIface.datagramRecv:rtrRiftIface.java:854 neighbor node1-1:ethernet2 (fd00::a:b:16:b) up
2023-04-12 15:59:14 warning rtrRiftIface.datagramRecv:rtrRiftIface.java:854 neighbor node1-1:ethernet2 (10.11.22.11) up
2023-04-12 16:00:37 warning rtrRiftIface.datagramRecv:rtrRiftIface.java:854 neighbor node1-2:ethernet2 (10.12.22.12) up
2023-04-12 16:00:37 warning rtrRiftIface.datagramRecv:rtrRiftIface.java:854 neighbor node1-2:ethernet2 (fd00::a:c:16:c) up
2023-04-12 16:02:47 warning rtrRiftIface.datagramRecv:rtrRiftIface.java:854 neighbor node1-3:ethernet2 (10.13.22.13) up
2023-04-12 16:02:47 warning rtrRiftIface.datagramRecv:rtrRiftIface.java:854 neighbor node1-3:ethernet2 (fd00::a:d:16:d) up
2023-04-12 16:11:27 info userLineHandler.doExec:userLine.java:798 rare logged in from telnet ethernet255 23 -> 2001:172:20:20::1 45808
2023-04-12 16:11:28 info userReader.cmdEnter:userReader.java:1141 command node2-2#write  from telnet ethernet255 23 -> 2001:172:20:20::1 45808
2023-04-12 16:12:13 info userReader.cmdEnter:userReader.java:1141 command node2-2#show lldp neighbor  from telnet ethernet255 23 -> 2001:172:20:20::1 45808
2023-04-12 16:12:17 info userReader.cmdEnter:userReader.java:1141 command node2-2#show ipv4 interface  from telnet ethernet255 23 -> 2001:172:20:20::1 45808
2023-04-12 16:12:20 info userReader.cmdEnter:userReader.java:1141 command node2-2#show ipv6 interface  from telnet ethernet255 23 -> 2001:172:20:20::1 45808
2023-04-12 16:12:33 info userReader.cmdEnter:userReader.java:1141 command node2-2#show ipv4 route DC_CORE  from telnet ethernet255 23 -> 2001:172:20:20::1 45808
2023-04-12 16:13:43 info userReader.cmdEnter:userReader.java:1141 command node2-2#exit  from telnet ethernet255 23 -> 2001:172:20:20::1 45808
2023-04-12 16:13:43 info userLineHandler.doExec:userLine.java:880 rare logged out from telnet ethernet255 23 -> 2001:172:20:20::1 45808
2023-04-12 16:13:44 info prtTcp.connectionRcvd:prtTcp.java:907 got future acknowledge number telnet ethernet255 23 -> 2001:172:20:20::1 45808
2023-04-12 16:14:57 info userLineHandler.doExec:userLine.java:798 rare logged in from telnet ethernet255 23 -> 2001:172:20:20::1 34022
2023-04-12 16:15:01 info userReader.cmdEnter:userReader.java:1141 command node2-2#show lldp neighbor  from telnet ethernet255 23 -> 2001:172:20:20::1 34022
2023-04-12 16:15:05 info userReader.cmdEnter:userReader.java:1141 command node2-2#show running-config net5  from telnet ethernet255 23 -> 2001:172:20:20::1 34022
2023-04-12 16:15:07 info userReader.cmdEnter:userReader.java:1141 command node2-2#configure terminal  from telnet ethernet255 23 -> 2001:172:20:20::1 34022
2023-04-12 16:15:07 warning userLineHandler.doExec:userLine.java:890 rare configuring from telnet ethernet255 23 -> 2001:172:20:20::1 34022
2023-04-12 16:15:12 info userReader.cmdEnter:userReader.java:1141 command node2-2(cfg)#interface eth5  from telnet ethernet255 23 -> 2001:172:20:20::1 34022
2023-04-12 16:15:16 info userReader.cmdEnter:userReader.java:1141 command node2-2(cfg-if)#vrf forwarding DC_CORE  from telnet ethernet255 23 -> 2001:172:20:20::1 34022
2023-04-12 16:16:01 info userReader.cmdEnter:userReader.java:1141 command node2-2(cfg-if)#ipv4 address 10.22.31.22 /24  from telnet ethernet255 23 -> 2001:172:20:20::1 34022
2023-04-12 16:16:21 info userReader.cmdEnter:userReader.java:1141 command node2-2(cfg-if)#ipv6 address fd00::a:16:1f:16 /120  from telnet ethernet255 23 -> 2001:172:20:20::1 34022
2023-04-12 16:16:26 info userReader.cmdEnter:userReader.java:1141 command node2-2(cfg-if)#no shutdown  from telnet ethernet255 23 -> 2001:172:20:20::1 34022
2023-04-12 16:16:29 info userReader.cmdEnter:userReader.java:1141 command node2-2(cfg-if)#lldp enable  from telnet ethernet255 23 -> 2001:172:20:20::1 34022
2023-04-12 16:16:31 info userReader.cmdEnter:userReader.java:1141 command node2-2(cfg-if)#end  from telnet ethernet255 23 -> 2001:172:20:20::1 34022
2023-04-12 16:16:31 warning userLineHandler.doExec:userLine.java:922 rare configured from telnet ethernet255 23 -> 2001:172:20:20::1 34022
2023-04-12 16:16:32 info userReader.cmdEnter:userReader.java:1141 command node2-2#write  from telnet ethernet255 23 -> 2001:172:20:20::1 34022
2023-04-12 16:16:38 info userReader.cmdEnter:userReader.java:1141 command node2-2#show lldp neighbor  from telnet ethernet255 23 -> 2001:172:20:20::1 34022
2023-04-12 16:16:43 info userReader.cmdEnter:userReader.java:1141 command node2-2#show lldp neighbor  from telnet ethernet255 23 -> 2001:172:20:20::1 34022
2023-04-12 16:16:44 info userReader.cmdEnter:userReader.java:1141 command node2-2#show lldp neighbor  from telnet ethernet255 23 -> 2001:172:20:20::1 34022
2023-04-12 16:16:45 info userReader.cmdEnter:userReader.java:1141 command node2-2#show lldp neighbor  from telnet ethernet255 23 -> 2001:172:20:20::1 34022
2023-04-12 16:16:45 info userReader.cmdEnter:userReader.java:1141 command node2-2#show lldp neighbor  from telnet ethernet255 23 -> 2001:172:20:20::1 34022
2023-04-12 16:16:46 info userReader.cmdEnter:userReader.java:1141 command node2-2#show lldp neighbor  from telnet ethernet255 23 -> 2001:172:20:20::1 34022
2023-04-12 16:16:47 info userReader.cmdEnter:userReader.java:1141 command node2-2#show lldp neighbor  from telnet ethernet255 23 -> 2001:172:20:20::1 34022
2023-04-12 16:16:48 info userReader.cmdEnter:userReader.java:1141 command node2-2#show lldp neighbor  from telnet ethernet255 23 -> 2001:172:20:20::1 34022
2023-04-12 16:16:49 info userReader.cmdEnter:userReader.java:1141 command node2-2#show lldp neighbor  from telnet ethernet255 23 -> 2001:172:20:20::1 34022
2023-04-12 16:16:50 info userReader.cmdEnter:userReader.java:1141 command node2-2#show lldp neighbor  from telnet ethernet255 23 -> 2001:172:20:20::1 34022
2023-04-12 16:16:52 info userReader.cmdEnter:userReader.java:1141 command node2-2#write  from telnet ethernet255 23 -> 2001:172:20:20::1 34022
2023-04-12 16:16:54 info userReader.cmdEnter:userReader.java:1141 command node2-2#show lldp neighbor  from telnet ethernet255 23 -> 2001:172:20:20::1 34022
2023-04-12 16:16:55 info userReader.cmdEnter:userReader.java:1141 command node2-2#show lldp neighbor  from telnet ethernet255 23 -> 2001:172:20:20::1 34022
2023-04-12 16:16:56 info userReader.cmdEnter:userReader.java:1141 command node2-2#exit  from telnet ethernet255 23 -> 2001:172:20:20::1 34022
2023-04-12 16:16:56 info userLineHandler.doExec:userLine.java:880 rare logged out from telnet ethernet255 23 -> 2001:172:20:20::1 34022
2023-04-12 16:16:57 info prtTcp.connectionRcvd:prtTcp.java:907 got future acknowledge number telnet ethernet255 23 -> 2001:172:20:20::1 34022
2023-04-12 16:17:36 info userLineHandler.doExec:userLine.java:798 rare logged in from telnet ethernet255 23 -> 2001:172:20:20::1 53130
2023-04-12 16:17:40 info userReader.cmdEnter:userReader.java:1141 command node2-2#show running-config net5  from telnet ethernet255 23 -> 2001:172:20:20::1 53130
2023-04-12 16:17:44 info userReader.cmdEnter:userReader.java:1141 command node2-2#configure terminal  from telnet ethernet255 23 -> 2001:172:20:20::1 53130
2023-04-12 16:17:44 warning userLineHandler.doExec:userLine.java:890 rare configuring from telnet ethernet255 23 -> 2001:172:20:20::1 53130
2023-04-12 16:17:52 info userReader.cmdEnter:userReader.java:1141 command node2-2(cfg)#interface ethernet5  from telnet ethernet255 23 -> 2001:172:20:20::1 53130
2023-04-12 16:18:01 info userReader.cmdEnter:userReader.java:1141 command node2-2(cfg-if)#show running-config net4  from telnet ethernet255 23 -> 2001:172:20:20::1 53130
2023-04-12 16:18:06 info userReader.cmdEnter:userReader.java:1141 command node2-2(cfg-if)#router rift4 1 enable  from telnet ethernet255 23 -> 2001:172:20:20::1 53130
2023-04-12 16:18:06 info userReader.cmdEnter:userReader.java:1141 command node2-2(cfg-if)#router rift6 1 enable  from telnet ethernet255 23 -> 2001:172:20:20::1 53130
2023-04-12 16:18:06 warning rtrRiftIface.datagramRecv:rtrRiftIface.java:854 neighbor node3-1:ethernet2 (10.22.31.31) up
2023-04-12 16:18:06 warning rtrRiftIface.datagramRecv:rtrRiftIface.java:854 neighbor node3-1:ethernet2 (fd00::a:16:1f:1f) up
2023-04-12 16:18:07 error rtrRiftIface.run:rtrRiftIface.java:1018 neighbor node3-1:ethernet2 (10.22.31.31) down
2023-04-12 16:18:07 error rtrRiftIface.run:rtrRiftIface.java:1018 neighbor node3-1:ethernet2 (fd00::a:16:1f:1f) down
2023-04-12 16:18:07 warning rtrRiftIface.datagramRecv:rtrRiftIface.java:854 neighbor node3-1:ethernet2 (10.22.31.31) up
2023-04-12 16:18:07 warning rtrRiftIface.datagramRecv:rtrRiftIface.java:854 neighbor node3-1:ethernet2 (fd00::a:16:1f:1f) up
2023-04-12 16:18:08 info userReader.cmdEnter:userReader.java:1141 command node2-2(cfg-if)#end  from telnet ethernet255 23 -> 2001:172:20:20::1 53130
2023-04-12 16:18:08 warning userLineHandler.doExec:userLine.java:922 rare configured from telnet ethernet255 23 -> 2001:172:20:20::1 53130
2023-04-12 16:18:08 info userReader.cmdEnter:userReader.java:1141 command node2-2#write  from telnet ethernet255 23 -> 2001:172:20:20::1 53130
2023-04-12 16:18:22 info userReader.cmdEnter:userReader.java:1141 command node2-2#show ipv4 rift 1 interface  from telnet ethernet255 23 -> 2001:172:20:20::1 53130
2023-04-12 16:18:30 info userReader.cmdEnter:userReader.java:1141 command node2-2#write  from telnet ethernet255 23 -> 2001:172:20:20::1 53130
2023-04-12 16:18:36 info userReader.cmdEnter:userReader.java:1141 command node2-2#show ipv4 route DC_CORE  from telnet ethernet255 23 -> 2001:172:20:20::1 53130
2023-04-12 16:21:47 info userReader.cmdEnter:userReader.java:1141 command node2-2#write  from telnet ethernet255 23 -> 2001:172:20:20::1 53130
2023-04-12 16:21:48 info userReader.cmdEnter:userReader.java:1141 command node2-2#exit  from telnet ethernet255 23 -> 2001:172:20:20::1 53130
2023-04-12 16:21:48 info userLineHandler.doExec:userLine.java:880 rare logged out from telnet ethernet255 23 -> 2001:172:20:20::1 53130
2023-04-12 16:21:49 info prtTcp.connectionRcvd:prtTcp.java:907 got future acknowledge number telnet ethernet255 23 -> 2001:172:20:20::1 53130
2023-04-12 16:22:21 info userLineHandler.doExec:userLine.java:798 rare logged in from telnet ethernet255 23 -> 2001:172:20:20::1 49716
2023-04-12 16:22:22 info userReader.cmdEnter:userReader.java:1141 command node2-2#write  from telnet ethernet255 23 -> 2001:172:20:20::1 49716
2023-04-12 16:22:24 info userReader.cmdEnter:userReader.java:1141 command node2-2#exit  from telnet ethernet255 23 -> 2001:172:20:20::1 49716
2023-04-12 16:22:24 info userLineHandler.doExec:userLine.java:880 rare logged out from telnet ethernet255 23 -> 2001:172:20:20::1 49716
2023-04-12 16:22:25 info prtTcp.connectionRcvd:prtTcp.java:907 got future acknowledge number telnet ethernet255 23 -> 2001:172:20:20::1 49716
2023-04-12 16:32:08 info userLineHandler.doExec:userLine.java:798 rare logged in from telnet ethernet255 23 -> 2001:172:20:20::1 36516
2023-04-12 16:32:13 info userReader.cmdEnter:userReader.java:1141 command node2-2#show ipv4 route DC_CORE  from telnet ethernet255 23 -> 2001:172:20:20::1 36516
2023-04-12 16:32:21 info userReader.cmdEnter:userReader.java:1141 command node2-2#show running-config  from telnet ethernet255 23 -> 2001:172:20:20::1 36516
2023-04-12 16:37:34 info prtTcp.connectionRcvd:prtTcp.java:907 got future acknowledge number telnet ethernet255 23 -> 2001:172:20:20::1 36516
2023-04-12 16:37:34 info userLineHandler.doExec:userLine.java:880 rare logged out from telnet ethernet255 23 -> 2001:172:20:20::1 36516
2023-04-14 07:33:58 info cfgInit.doInit:cfgInit.java:780 booting
2023-04-14 07:33:58 info cfgInit.doInit:cfgInit.java:963 initializing hardware
2023-04-14 07:33:58 info cfgInit.doInit:cfgInit.java:969 applying defaults
2023-04-14 07:33:59 info cfgInit.doInit:cfgInit.java:990 applying configuration
2023-04-14 09:33:59 info cfgInit.executeSWcommands:cfgInit.java:768 line 183: "do write" : % saving configuration  % success  
2023-04-14 09:33:59 error cfgInit.doInit:cfgInit.java:998 1 errors found
2023-04-14 09:33:59 info cfgInit.doInit:cfgInit.java:1026 boot completed
2023-04-14 09:34:01 info cfgPrcss.doRound:cfgPrcss.java:509 restarting process ifc1.sh
2023-04-14 09:34:01 info cfgPrcss.doRound:cfgPrcss.java:509 restarting process ifc2.sh
2023-04-14 09:34:01 info cfgPrcss.doRound:cfgPrcss.java:509 restarting process ifc3.sh
2023-04-14 09:34:01 info cfgPrcss.doRound:cfgPrcss.java:509 restarting process ifc4.sh
2023-04-14 09:34:01 info cfgPrcss.doRound:cfgPrcss.java:509 restarting process ifc5.sh
2023-04-14 09:34:01 info cfgPrcss.doRound:cfgPrcss.java:509 restarting process ifc255.sh
2023-04-14 09:34:01 warning rtrRiftIface.datagramRecv:rtrRiftIface.java:854 neighbor node1-1:ethernet2 (fd00::a:b:16:b) up
2023-04-14 09:34:01 warning rtrRiftIface.datagramRecv:rtrRiftIface.java:854 neighbor node1-1:ethernet2 (10.11.22.11) up
2023-04-14 09:34:01 warning rtrRiftIface.datagramRecv:rtrRiftIface.java:854 neighbor node1-2:ethernet2 (10.12.22.12) up
2023-04-14 09:34:01 warning rtrRiftIface.datagramRecv:rtrRiftIface.java:854 neighbor node1-3:ethernet2 (10.13.22.13) up
2023-04-14 09:34:01 warning rtrRiftIface.datagramRecv:rtrRiftIface.java:854 neighbor node1-2:ethernet2 (fd00::a:c:16:c) up
2023-04-14 09:34:01 warning rtrRiftIface.datagramRecv:rtrRiftIface.java:854 neighbor node1-3:ethernet2 (fd00::a:d:16:d) up
2023-04-14 09:34:01 warning rtrRiftIface.datagramRecv:rtrRiftIface.java:854 neighbor node1-4:ethernet2 (10.14.22.14) up
2023-04-14 09:34:01 warning rtrRiftIface.datagramRecv:rtrRiftIface.java:854 neighbor node1-4:ethernet2 (fd00::a:e:16:e) up
2023-04-14 09:34:01 warning rtrRiftIface.datagramRecv:rtrRiftIface.java:854 neighbor node3-1:ethernet2 (10.22.31.31) up
2023-04-14 09:34:01 warning rtrRiftIface.datagramRecv:rtrRiftIface.java:854 neighbor node3-1:ethernet2 (fd00::a:16:1f:1f) up
2023-04-14 17:21:17 info cfgInit.doInit:cfgInit.java:780 booting
2023-04-14 17:21:17 info cfgInit.doInit:cfgInit.java:963 initializing hardware
2023-04-14 17:21:17 info cfgInit.doInit:cfgInit.java:969 applying defaults
2023-04-14 17:21:18 info cfgInit.doInit:cfgInit.java:990 applying configuration
2023-04-14 19:21:18 info cfgInit.executeSWcommands:cfgInit.java:768 line 183: "do write" : % saving configuration  % success  
2023-04-14 19:21:18 error cfgInit.doInit:cfgInit.java:998 1 errors found
2023-04-14 19:21:18 info cfgInit.doInit:cfgInit.java:1026 boot completed
2023-04-14 19:21:20 info cfgPrcss.doRound:cfgPrcss.java:509 restarting process ifc1.sh
2023-04-14 19:21:20 info cfgPrcss.doRound:cfgPrcss.java:509 restarting process ifc2.sh
2023-04-14 19:21:20 info cfgPrcss.doRound:cfgPrcss.java:509 restarting process ifc3.sh
2023-04-14 19:21:20 info cfgPrcss.doRound:cfgPrcss.java:509 restarting process ifc4.sh
2023-04-14 19:21:20 info cfgPrcss.doRound:cfgPrcss.java:509 restarting process ifc5.sh
2023-04-14 19:21:20 info cfgPrcss.doRound:cfgPrcss.java:509 restarting process ifc255.sh
2023-04-14 19:21:20 warning rtrRiftIface.datagramRecv:rtrRiftIface.java:854 neighbor node1-3:ethernet2 (10.13.22.13) up
2023-04-14 19:21:20 warning rtrRiftIface.datagramRecv:rtrRiftIface.java:854 neighbor node1-3:ethernet2 (fd00::a:d:16:d) up
2023-04-14 19:21:20 warning rtrRiftIface.datagramRecv:rtrRiftIface.java:854 neighbor node1-4:ethernet2 (10.14.22.14) up
2023-04-14 19:21:20 warning rtrRiftIface.datagramRecv:rtrRiftIface.java:854 neighbor node1-4:ethernet2 (fd00::a:e:16:e) up
2023-04-14 19:21:20 warning rtrRiftIface.datagramRecv:rtrRiftIface.java:854 neighbor node3-1:ethernet2 (10.22.31.31) up
2023-04-14 19:21:20 warning rtrRiftIface.datagramRecv:rtrRiftIface.java:854 neighbor node3-1:ethernet2 (fd00::a:16:1f:1f) up
2023-04-14 19:21:21 warning rtrRiftIface.datagramRecv:rtrRiftIface.java:854 neighbor node1-2:ethernet2 (10.12.22.12) up
2023-04-14 19:21:21 warning rtrRiftIface.datagramRecv:rtrRiftIface.java:854 neighbor node1-2:ethernet2 (fd00::a:c:16:c) up
2023-04-14 19:21:21 warning rtrRiftIface.datagramRecv:rtrRiftIface.java:854 neighbor node1-1:ethernet2 (10.11.22.11) up
2023-04-14 19:21:21 warning rtrRiftIface.datagramRecv:rtrRiftIface.java:854 neighbor node1-1:ethernet2 (fd00::a:b:16:b) up
2023-04-14 19:21:21 error rtrRiftIface.run:rtrRiftIface.java:1018 neighbor node1-1:ethernet2 (10.11.22.11) down
2023-04-14 19:21:21 error rtrRiftIface.run:rtrRiftIface.java:1018 neighbor node1-1:ethernet2 (fd00::a:b:16:b) down
2023-04-14 19:21:21 error rtrRiftIface.run:rtrRiftIface.java:1018 neighbor node1-2:ethernet2 (10.12.22.12) down
2023-04-14 19:21:21 error rtrRiftIface.run:rtrRiftIface.java:1018 neighbor node1-2:ethernet2 (fd00::a:c:16:c) down
2023-04-14 19:21:22 warning rtrRiftIface.datagramRecv:rtrRiftIface.java:854 neighbor node1-2:ethernet2 (10.12.22.12) up
2023-04-14 19:21:22 warning rtrRiftIface.datagramRecv:rtrRiftIface.java:854 neighbor node1-2:ethernet2 (fd00::a:c:16:c) up
2023-04-14 19:21:22 warning rtrRiftIface.datagramRecv:rtrRiftIface.java:854 neighbor node1-1:ethernet2 (10.11.22.11) up
2023-04-14 19:21:22 warning rtrRiftIface.datagramRecv:rtrRiftIface.java:854 neighbor node1-1:ethernet2 (fd00::a:b:16:b) up
