2023-04-12 13:36:19 info cfgInit.doInit:cfgInit.java:780 booting
2023-04-12 13:36:19 info cfgInit.doInit:cfgInit.java:963 initializing hardware
2023-04-12 13:36:19 info cfgInit.doInit:cfgInit.java:969 applying defaults
2023-04-12 13:36:20 info cfgInit.doInit:cfgInit.java:990 applying configuration
2023-04-12 15:36:21 info cfgInit.executeSWcommands:cfgInit.java:768 line 59: "do write" : % saving configuration  % success  
2023-04-12 15:36:21 info cfgInit.executeSWcommands:cfgInit.java:768 line 68: "do write" : % saving configuration  % success  
2023-04-12 15:36:21 error cfgInit.doInit:cfgInit.java:998 2 errors found
2023-04-12 15:36:21 info cfgInit.doInit:cfgInit.java:1026 boot completed
2023-04-12 15:36:22 info cfgPrcss.doRound:cfgPrcss.java:509 restarting process ifc1.sh
2023-04-12 15:36:22 info cfgPrcss.doRound:cfgPrcss.java:509 restarting process ifc2.sh
2023-04-12 15:36:22 info cfgPrcss.doRound:cfgPrcss.java:509 restarting process ifc255.sh
2023-04-12 15:41:40 info userLineHandler.doExec:userLine.java:798 rare logged in from telnet ethernet255 23 -> 2001:172:20:20::1 55792
2023-04-12 15:41:42 info userReader.cmdEnter:userReader.java:1141 command node1-3#configure terminal  from telnet ethernet255 23 -> 2001:172:20:20::1 55792
2023-04-12 15:41:42 warning userLineHandler.doExec:userLine.java:890 rare configuring from telnet ethernet255 23 -> 2001:172:20:20::1 55792
2023-04-12 15:41:53 info userReader.cmdEnter:userReader.java:1141 command node1-3(cfg)#scheduler errors  from telnet ethernet255 23 -> 2001:172:20:20::1 55792
2023-04-12 15:41:53 info userReader.cmdEnter:userReader.java:1141 command node1-3(cfg-sched)#time 600000  from telnet ethernet255 23 -> 2001:172:20:20::1 55792
2023-04-12 15:41:53 info userReader.cmdEnter:userReader.java:1141 command node1-3(cfg-sched)#delay 30000  from telnet ethernet255 23 -> 2001:172:20:20::1 55792
2023-04-12 15:41:53 info userReader.cmdEnter:userReader.java:1141 command node1-3(cfg-sched)#command clear errors gp4l-err@lists.geant.org  from telnet ethernet255 23 -> 2001:172:20:20::1 55792
2023-04-12 15:41:53 info userReader.cmdEnter:userReader.java:1141 command node1-3(cfg-sched)#start  from telnet ethernet255 23 -> 2001:172:20:20::1 55792
2023-04-12 15:41:53 info userReader.cmdEnter:userReader.java:1141 command node1-3(cfg-sched)#exit  from telnet ethernet255 23 -> 2001:172:20:20::1 55792
2023-04-12 15:41:53 info userReader.cmdEnter:userReader.java:1141 command node1-3(cfg)#vrf definition DC_CORE  from telnet ethernet255 23 -> 2001:172:20:20::1 55792
2023-04-12 15:41:53 info userReader.cmdEnter:userReader.java:1141 command node1-3(cfg-vrf)#exit  from telnet ethernet255 23 -> 2001:172:20:20::1 55792
2023-04-12 15:42:53 info userReader.cmdEnter:userReader.java:1141 command node1-3(cfg)#router rift4 1  from telnet ethernet255 23 -> 2001:172:20:20::1 55792
2023-04-12 15:42:53 info userReader.cmdEnter:userReader.java:1141 command node1-3(cfg-rtr)#vrf DC_CORE  from telnet ethernet255 23 -> 2001:172:20:20::1 55792
2023-04-12 15:42:53 info userReader.cmdEnter:userReader.java:1141 command node1-3(cfg-rtr)#router-id 43  from telnet ethernet255 23 -> 2001:172:20:20::1 55792
2023-04-12 15:42:53 info userReader.cmdEnter:userReader.java:1141 command node1-3(cfg-rtr)#level 1  from telnet ethernet255 23 -> 2001:172:20:20::1 55792
2023-04-12 15:42:53 info userReader.cmdEnter:userReader.java:1141 command node1-3(cfg-rtr)#redistribute connected  from telnet ethernet255 23 -> 2001:172:20:20::1 55792
2023-04-12 15:42:53 info userReader.cmdEnter:userReader.java:1141 command node1-3(cfg-rtr)#exit  from telnet ethernet255 23 -> 2001:172:20:20::1 55792
2023-04-12 15:42:53 info userReader.cmdEnter:userReader.java:1141 command node1-3(cfg)#router rift6 1  from telnet ethernet255 23 -> 2001:172:20:20::1 55792
2023-04-12 15:42:53 info userReader.cmdEnter:userReader.java:1141 command node1-3(cfg-rtr)#vrf DC_CORE  from telnet ethernet255 23 -> 2001:172:20:20::1 55792
2023-04-12 15:42:53 info userReader.cmdEnter:userReader.java:1141 command node1-3(cfg-rtr)#router-id 63  from telnet ethernet255 23 -> 2001:172:20:20::1 55792
2023-04-12 15:42:53 info userReader.cmdEnter:userReader.java:1141 command node1-3(cfg-rtr)#level 1  from telnet ethernet255 23 -> 2001:172:20:20::1 55792
2023-04-12 15:42:53 info userReader.cmdEnter:userReader.java:1141 command node1-3(cfg-rtr)#redistribute connected  from telnet ethernet255 23 -> 2001:172:20:20::1 55792
2023-04-12 15:42:53 info userReader.cmdEnter:userReader.java:1141 command node1-3(cfg-rtr)#exit  from telnet ethernet255 23 -> 2001:172:20:20::1 55792
2023-04-12 15:42:53 info userReader.cmdEnter:userReader.java:1141 command node1-3(cfg)#interface loopback0  from telnet ethernet255 23 -> 2001:172:20:20::1 55792
2023-04-12 15:42:53 info userReader.cmdEnter:userReader.java:1141 command node1-3(cfg-if)#vrf forwarding DC_CORE  from telnet ethernet255 23 -> 2001:172:20:20::1 55792
2023-04-12 15:42:53 info userReader.cmdEnter:userReader.java:1141 command node1-3(cfg-if)#ipv4 address 1.1.1.13 255.255.255.255  from telnet ethernet255 23 -> 2001:172:20:20::1 55792
2023-04-12 15:42:53 info userReader.cmdEnter:userReader.java:1141 command node1-3(cfg-if)#ipv6 address fd00::1:1:1:13 ffff:ffff:ffff:ffff:ffff:ffff:ffff:ffff  from telnet ethernet255 23 -> 2001:172:20:20::1 55792
2023-04-12 15:42:53 info userReader.cmdEnter:userReader.java:1141 command node1-3(cfg-if)#no shutdown  from telnet ethernet255 23 -> 2001:172:20:20::1 55792
2023-04-12 15:42:53 info userReader.cmdEnter:userReader.java:1141 command node1-3(cfg-if)#no log-link-change  from telnet ethernet255 23 -> 2001:172:20:20::1 55792
2023-04-12 15:42:53 info userReader.cmdEnter:userReader.java:1141 command node1-3(cfg-if)#exit  from telnet ethernet255 23 -> 2001:172:20:20::1 55792
2023-04-12 15:42:55 info userReader.cmdEnter:userReader.java:1141 command node1-3(cfg)#end  from telnet ethernet255 23 -> 2001:172:20:20::1 55792
2023-04-12 15:42:55 warning userLineHandler.doExec:userLine.java:922 rare configured from telnet ethernet255 23 -> 2001:172:20:20::1 55792
2023-04-12 15:42:56 info userReader.cmdEnter:userReader.java:1141 command node1-3#write  from telnet ethernet255 23 -> 2001:172:20:20::1 55792
2023-04-12 15:42:57 info userReader.cmdEnter:userReader.java:1141 command node1-3#exit  from telnet ethernet255 23 -> 2001:172:20:20::1 55792
2023-04-12 15:42:57 info userLineHandler.doExec:userLine.java:880 rare logged out from telnet ethernet255 23 -> 2001:172:20:20::1 55792
2023-04-12 15:42:58 info prtTcp.connectionRcvd:prtTcp.java:907 got future acknowledge number telnet ethernet255 23 -> 2001:172:20:20::1 55792
2023-04-12 16:01:21 info userLineHandler.doExec:userLine.java:798 rare logged in from telnet ethernet255 23 -> 2001:172:20:20::1 45248
2023-04-12 16:01:24 info userReader.cmdEnter:userReader.java:1141 command node1-3#show running-config net  from telnet ethernet255 23 -> 2001:172:20:20::1 45248
2023-04-12 16:02:44 info userReader.cmdEnter:userReader.java:1141 command node1-3#configure terminal  from telnet ethernet255 23 -> 2001:172:20:20::1 45248
2023-04-12 16:02:44 warning userLineHandler.doExec:userLine.java:890 rare configuring from telnet ethernet255 23 -> 2001:172:20:20::1 45248
2023-04-12 16:02:47 info userReader.cmdEnter:userReader.java:1141 command node1-3(cfg)#interface ethernet1  from telnet ethernet255 23 -> 2001:172:20:20::1 45248
2023-04-12 16:02:47 info userReader.cmdEnter:userReader.java:1141 command node1-3(cfg-if)#lldp enable  from telnet ethernet255 23 -> 2001:172:20:20::1 45248
2023-04-12 16:02:47 info userReader.cmdEnter:userReader.java:1141 command node1-3(cfg-if)#vrf forwarding DC_CORE  from telnet ethernet255 23 -> 2001:172:20:20::1 45248
2023-04-12 16:02:47 info userReader.cmdEnter:userReader.java:1141 command node1-3(cfg-if)#ipv4 address 10.13.21.13 255.255.255.0  from telnet ethernet255 23 -> 2001:172:20:20::1 45248
2023-04-12 16:02:47 info userReader.cmdEnter:userReader.java:1141 command node1-3(cfg-if)#ipv6 address fd00::a:d:15:d ffff:ffff:ffff:ffff:ffff:ffff:ffff:ff00  from telnet ethernet255 23 -> 2001:172:20:20::1 45248
2023-04-12 16:02:47 info userReader.cmdEnter:userReader.java:1141 command node1-3(cfg-if)#router rift4 1 enable  from telnet ethernet255 23 -> 2001:172:20:20::1 45248
2023-04-12 16:02:47 info userReader.cmdEnter:userReader.java:1141 command node1-3(cfg-if)#router rift6 1 enable  from telnet ethernet255 23 -> 2001:172:20:20::1 45248
2023-04-12 16:02:47 info userReader.cmdEnter:userReader.java:1141 command node1-3(cfg-if)#no shutdown  from telnet ethernet255 23 -> 2001:172:20:20::1 45248
2023-04-12 16:02:47 info userReader.cmdEnter:userReader.java:1141 command node1-3(cfg-if)#no log-link-change  from telnet ethernet255 23 -> 2001:172:20:20::1 45248
2023-04-12 16:02:47 info userReader.cmdEnter:userReader.java:1141 command node1-3(cfg-if)#exit  from telnet ethernet255 23 -> 2001:172:20:20::1 45248
2023-04-12 16:02:47 info userReader.cmdEnter:userReader.java:1141 command node1-3(cfg)#interface ethernet2  from telnet ethernet255 23 -> 2001:172:20:20::1 45248
2023-04-12 16:02:47 info userReader.cmdEnter:userReader.java:1141 command node1-3(cfg-if)#lldp enable  from telnet ethernet255 23 -> 2001:172:20:20::1 45248
2023-04-12 16:02:47 info userReader.cmdEnter:userReader.java:1141 command node1-3(cfg-if)#vrf forwarding DC_CORE  from telnet ethernet255 23 -> 2001:172:20:20::1 45248
2023-04-12 16:02:47 info userReader.cmdEnter:userReader.java:1141 command node1-3(cfg-if)#ipv4 address 10.13.22.13 255.255.255.0  from telnet ethernet255 23 -> 2001:172:20:20::1 45248
2023-04-12 16:02:47 info userReader.cmdEnter:userReader.java:1141 command node1-3(cfg-if)#ipv6 address fd00::a:d:16:d ffff:ffff:ffff:ffff:ffff:ffff:ffff:ff00  from telnet ethernet255 23 -> 2001:172:20:20::1 45248
2023-04-12 16:02:47 info userReader.cmdEnter:userReader.java:1141 command node1-3(cfg-if)#router rift4 1 enable  from telnet ethernet255 23 -> 2001:172:20:20::1 45248
2023-04-12 16:02:47 info userReader.cmdEnter:userReader.java:1141 command node1-3(cfg-if)#router rift6 1 enable  from telnet ethernet255 23 -> 2001:172:20:20::1 45248
2023-04-12 16:02:47 info userReader.cmdEnter:userReader.java:1141 command node1-3(cfg-if)#no shutdown  from telnet ethernet255 23 -> 2001:172:20:20::1 45248
2023-04-12 16:02:47 info userReader.cmdEnter:userReader.java:1141 command node1-3(cfg-if)#no log-link-change  from telnet ethernet255 23 -> 2001:172:20:20::1 45248
2023-04-12 16:02:47 warning rtrRiftIface.datagramRecv:rtrRiftIface.java:854 neighbor node2-2:ethernet3 (10.13.22.22) up
2023-04-12 16:02:47 warning rtrRiftIface.datagramRecv:rtrRiftIface.java:854 neighbor node2-2:ethernet3 (fd00::a:d:16:16) up
2023-04-12 16:02:48 error rtrRiftIface.run:rtrRiftIface.java:1018 neighbor node2-2:ethernet3 (10.13.22.22) down
2023-04-12 16:02:48 error rtrRiftIface.run:rtrRiftIface.java:1018 neighbor node2-2:ethernet3 (fd00::a:d:16:16) down
2023-04-12 16:02:48 info userReader.cmdEnter:userReader.java:1141 command node1-3(cfg-if)#exit  from telnet ethernet255 23 -> 2001:172:20:20::1 45248
2023-04-12 16:02:48 warning rtrRiftIface.datagramRecv:rtrRiftIface.java:854 neighbor node2-2:ethernet3 (fd00::a:d:16:16) up
2023-04-12 16:02:48 warning rtrRiftIface.datagramRecv:rtrRiftIface.java:854 neighbor node2-2:ethernet3 (10.13.22.22) up
2023-04-12 16:02:50 info userReader.cmdEnter:userReader.java:1141 command node1-3(cfg)#end  from telnet ethernet255 23 -> 2001:172:20:20::1 45248
2023-04-12 16:02:50 warning userLineHandler.doExec:userLine.java:922 rare configured from telnet ethernet255 23 -> 2001:172:20:20::1 45248
2023-04-12 16:02:50 info userReader.cmdEnter:userReader.java:1141 command node1-3#write  from telnet ethernet255 23 -> 2001:172:20:20::1 45248
2023-04-12 16:02:54 info userReader.cmdEnter:userReader.java:1141 command node1-3#exit  from telnet ethernet255 23 -> 2001:172:20:20::1 45248
2023-04-12 16:02:54 info userLineHandler.doExec:userLine.java:880 rare logged out from telnet ethernet255 23 -> 2001:172:20:20::1 45248
2023-04-12 16:02:54 info prtTcp.connectionRcvd:prtTcp.java:964 got data while not open telnet ethernet255 23 -> 2001:172:20:20::1 45248
2023-04-12 16:02:54 info prtTcp.connectionRcvd:prtTcp.java:907 got future acknowledge number telnet ethernet255 23 -> 2001:172:20:20::1 45248
2023-04-12 16:07:35 warning rtrRiftIface.datagramRecv:rtrRiftIface.java:854 neighbor node2-1:ethernet3 (fd00::a:d:15:15) up
2023-04-12 16:07:35 warning rtrRiftIface.datagramRecv:rtrRiftIface.java:854 neighbor node2-1:ethernet3 (10.13.21.21) up
2023-04-12 16:22:52 info userLineHandler.doExec:userLine.java:798 rare logged in from telnet ethernet255 23 -> 2001:172:20:20::1 34152
2023-04-12 16:22:54 info userReader.cmdEnter:userReader.java:1141 command node1-3#write  from telnet ethernet255 23 -> 2001:172:20:20::1 34152
2023-04-12 16:22:56 info userReader.cmdEnter:userReader.java:1141 command node1-3#exit  from telnet ethernet255 23 -> 2001:172:20:20::1 34152
2023-04-12 16:22:56 info userLineHandler.doExec:userLine.java:880 rare logged out from telnet ethernet255 23 -> 2001:172:20:20::1 34152
2023-04-12 16:22:57 info prtTcp.connectionRcvd:prtTcp.java:907 got future acknowledge number telnet ethernet255 23 -> 2001:172:20:20::1 34152
2023-04-14 07:33:55 info cfgInit.doInit:cfgInit.java:780 booting
2023-04-14 07:33:56 info cfgInit.doInit:cfgInit.java:963 initializing hardware
2023-04-14 07:33:56 info cfgInit.doInit:cfgInit.java:969 applying defaults
2023-04-14 07:33:56 info cfgInit.doInit:cfgInit.java:990 applying configuration
2023-04-14 09:33:57 info cfgInit.executeSWcommands:cfgInit.java:768 line 150: "do write" : % saving configuration  % success  
2023-04-14 09:33:57 error cfgInit.doInit:cfgInit.java:998 1 errors found
2023-04-14 09:33:57 info cfgInit.doInit:cfgInit.java:1026 boot completed
2023-04-14 09:33:59 info cfgPrcss.doRound:cfgPrcss.java:509 restarting process ifc1.sh
2023-04-14 09:33:59 info cfgPrcss.doRound:cfgPrcss.java:509 restarting process ifc255.sh
2023-04-14 09:33:59 info cfgPrcss.doRound:cfgPrcss.java:509 restarting process ifc2.sh
2023-04-14 09:34:01 warning rtrRiftIface.datagramRecv:rtrRiftIface.java:854 neighbor node2-1:ethernet3 (10.13.21.21) up
2023-04-14 09:34:01 warning rtrRiftIface.datagramRecv:rtrRiftIface.java:854 neighbor node2-1:ethernet3 (fd00::a:d:15:15) up
2023-04-14 09:34:01 warning rtrRiftIface.datagramRecv:rtrRiftIface.java:854 neighbor node2-2:ethernet3 (10.13.22.22) up
2023-04-14 09:34:01 warning rtrRiftIface.datagramRecv:rtrRiftIface.java:854 neighbor node2-2:ethernet3 (fd00::a:d:16:16) up
2023-04-14 09:34:02 error rtrRiftIface.run:rtrRiftIface.java:1018 neighbor node2-1:ethernet3 (10.13.21.21) down
2023-04-14 09:34:02 error rtrRiftIface.run:rtrRiftIface.java:1018 neighbor node2-1:ethernet3 (fd00::a:d:15:15) down
2023-04-14 09:34:02 error rtrRiftIface.run:rtrRiftIface.java:1018 neighbor node2-2:ethernet3 (10.13.22.22) down
2023-04-14 09:34:02 error rtrRiftIface.run:rtrRiftIface.java:1018 neighbor node2-2:ethernet3 (fd00::a:d:16:16) down
2023-04-14 09:34:02 warning rtrRiftIface.datagramRecv:rtrRiftIface.java:854 neighbor node2-1:ethernet3 (10.13.21.21) up
2023-04-14 09:34:02 warning rtrRiftIface.datagramRecv:rtrRiftIface.java:854 neighbor node2-1:ethernet3 (fd00::a:d:15:15) up
2023-04-14 09:34:02 warning rtrRiftIface.datagramRecv:rtrRiftIface.java:854 neighbor node2-2:ethernet3 (10.13.22.22) up
2023-04-14 09:34:02 warning rtrRiftIface.datagramRecv:rtrRiftIface.java:854 neighbor node2-2:ethernet3 (fd00::a:d:16:16) up
2023-04-14 17:21:14 info cfgInit.doInit:cfgInit.java:780 booting
2023-04-14 17:21:14 info cfgInit.doInit:cfgInit.java:963 initializing hardware
2023-04-14 17:21:14 info cfgInit.doInit:cfgInit.java:969 applying defaults
2023-04-14 17:21:15 info cfgInit.doInit:cfgInit.java:990 applying configuration
2023-04-14 19:21:16 info cfgInit.executeSWcommands:cfgInit.java:768 line 150: "do write" : % saving configuration  % success  
2023-04-14 19:21:16 error cfgInit.doInit:cfgInit.java:998 1 errors found
2023-04-14 19:21:16 info cfgInit.doInit:cfgInit.java:1026 boot completed
2023-04-14 19:21:17 info cfgPrcss.doRound:cfgPrcss.java:509 restarting process ifc1.sh
2023-04-14 19:21:17 info cfgPrcss.doRound:cfgPrcss.java:509 restarting process ifc2.sh
2023-04-14 19:21:17 info cfgPrcss.doRound:cfgPrcss.java:509 restarting process ifc255.sh
2023-04-14 19:21:20 warning rtrRiftIface.datagramRecv:rtrRiftIface.java:854 neighbor node2-1:ethernet3 (10.13.21.21) up
2023-04-14 19:21:20 warning rtrRiftIface.datagramRecv:rtrRiftIface.java:854 neighbor node2-1:ethernet3 (fd00::a:d:15:15) up
2023-04-14 19:21:20 warning rtrRiftIface.datagramRecv:rtrRiftIface.java:854 neighbor node2-2:ethernet3 (10.13.22.22) up
2023-04-14 19:21:20 warning rtrRiftIface.datagramRecv:rtrRiftIface.java:854 neighbor node2-2:ethernet3 (fd00::a:d:16:16) up
2023-04-14 19:21:20 error rtrRiftIface.run:rtrRiftIface.java:1018 neighbor node2-1:ethernet3 (10.13.21.21) down
2023-04-14 19:21:20 error rtrRiftIface.run:rtrRiftIface.java:1018 neighbor node2-1:ethernet3 (fd00::a:d:15:15) down
2023-04-14 19:21:20 error rtrRiftIface.run:rtrRiftIface.java:1018 neighbor node2-2:ethernet3 (10.13.22.22) down
2023-04-14 19:21:20 error rtrRiftIface.run:rtrRiftIface.java:1018 neighbor node2-2:ethernet3 (fd00::a:d:16:16) down
2023-04-14 19:21:21 warning rtrRiftIface.datagramRecv:rtrRiftIface.java:854 neighbor node2-1:ethernet3 (10.13.21.21) up
2023-04-14 19:21:21 warning rtrRiftIface.datagramRecv:rtrRiftIface.java:854 neighbor node2-1:ethernet3 (fd00::a:d:15:15) up
2023-04-14 19:21:21 warning rtrRiftIface.datagramRecv:rtrRiftIface.java:854 neighbor node2-2:ethernet3 (10.13.22.22) up
2023-04-14 19:21:21 warning rtrRiftIface.datagramRecv:rtrRiftIface.java:854 neighbor node2-2:ethernet3 (fd00::a:d:16:16) up
